<?xml version="1.0" encoding="UTF-8"?>
<!-- Generated by org.testng.reporters.JUnitReportReporter -->
<testsuite hostname="RekhaTharun" failures="0" tests="1" name="tc_Repository.LE_04" time="38.180" errors="0" timestamp="2024-08-30T09:22:55 IST" skipped="0">
  <testcase classname="tc_Repository.LE_04" name="le_04Case" time="38.180"/>
  <system-out/>
</testsuite> <!-- tc_Repository.LE_04 -->
