<?xml version="1.0" encoding="UTF-8"?>
<!-- Generated by org.testng.reporters.JUnitReportReporter -->
<testsuite hostname="RekhaTharun" failures="0" tests="1" name="tc_Repository.ORG_02" time="25.643" errors="0" timestamp="2024-08-30T10:41:25 IST" skipped="0">
  <testcase classname="tc_Repository.ORG_02" name="org_02case" time="25.643"/>
  <system-out/>
</testsuite> <!-- tc_Repository.ORG_02 -->
