<?xml version="1.0" encoding="UTF-8"?>
<!-- Generated by org.testng.reporters.JUnitReportReporter -->
<testsuite hostname="RekhaTharun" failures="0" tests="1" name="tc_Repository.TE_03" time="39.045" errors="0" timestamp="2024-08-30T09:22:55 IST" skipped="0">
  <testcase classname="tc_Repository.TE_03" name="le_03Case" time="39.045"/>
  <system-out/>
</testsuite> <!-- tc_Repository.TE_03 -->
