<?xml version="1.0" encoding="UTF-8"?>
<!-- Generated by org.testng.reporters.JUnitReportReporter -->
<testsuite hostname="RekhaTharun" failures="0" tests="3" name="testNG.TestAnnotationAndPriorityAtt" time="0.018" errors="0" timestamp="2024-08-27T15:50:05 IST" skipped="0">
  <testcase classname="testNG.TestAnnotationAndPriorityAtt" name="deleteUser" time="0.014"/>
  <system-out/>
  <testcase classname="testNG.TestAnnotationAndPriorityAtt" name="modifyuser" time="0.002"/>
  <system-out/>
  <testcase classname="testNG.TestAnnotationAndPriorityAtt" name="createUser" time="0.002"/>
  <system-out/>
</testsuite> <!-- testNG.TestAnnotationAndPriorityAtt -->
