<?xml version="1.0" encoding="UTF-8"?>
<!-- Generated by org.testng.reporters.JUnitReportReporter -->
<testsuite hostname="RekhaTharun" failures="0" tests="1" name="sample.WaysToIgnoreTestCaseFromExecution" time="0.014" errors="0" timestamp="2024-08-27T15:58:14 IST" skipped="0">
  <testcase classname="sample.WaysToIgnoreTestCaseFromExecution" name="createUser" time="0.014"/>
  <system-out/>
</testsuite> <!-- sample.WaysToIgnoreTestCaseFromExecution -->
