<?xml version="1.0" encoding="UTF-8"?>
<!-- Generated by org.testng.reporters.JUnitReportReporter -->
<testsuite hostname="RekhaTharun" failures="0" tests="6" name="sample.InvocationCountAndDependsOnMethods" time="0.021" errors="0" timestamp="2024-08-27T15:55:19 IST" skipped="0">
  <testcase classname="sample.InvocationCountAndDependsOnMethods" name="createUser" time="0.002"/>
  <system-out/>
  <testcase classname="sample.InvocationCountAndDependsOnMethods" name="createUser" time="0.001"/>
  <system-out/>
  <testcase classname="sample.InvocationCountAndDependsOnMethods" name="createUser" time="0.012"/>
  <system-out/>
  <testcase classname="sample.InvocationCountAndDependsOnMethods" name="createUser" time="0.002"/>
  <system-out/>
  <testcase classname="sample.InvocationCountAndDependsOnMethods" name="createUser" time="0.002"/>
  <system-out/>
  <testcase classname="sample.InvocationCountAndDependsOnMethods" name="modifyUser" time="0.002"/>
  <system-out/>
</testsuite> <!-- sample.InvocationCountAndDependsOnMethods -->
